  Application.cpp
  D2D1_Wrapper.cpp
  DwmMethods.cpp
  Entry.cpp
  Events.cpp
c:\users\shan0x\source\repos\atomchecker\events.cpp(29): warning C4066: знаки после первого в константе из двухбайтовых знаков пропускаются
c:\users\shan0x\source\repos\atomchecker\events.cpp(58): warning C4101: ex: неиспользованная локальная переменная
  UiDrawing.cpp
c:\users\shan0x\source\repos\atomchecker\uidrawing.cpp(11): warning C4244: аргумент: преобразование "int" в "FLOAT", возможна потеря данных
c:\users\shan0x\source\repos\atomchecker\uidrawing.cpp(10): warning C4244: аргумент: преобразование "const int" в "FLOAT", возможна потеря данных
c:\users\shan0x\source\repos\atomchecker\uidrawing.cpp(9): warning C4244: аргумент: преобразование "const int" в "FLOAT", возможна потеря данных
c:\users\shan0x\source\repos\atomchecker\uidrawing.cpp(23): warning C4244: аргумент: преобразование "const int" в "FLOAT", возможна потеря данных
c:\users\shan0x\source\repos\atomchecker\uidrawing.cpp(48): warning C4244: аргумент: преобразование "const LONG" в "FLOAT", возможна потеря данных
c:\users\shan0x\source\repos\atomchecker\uidrawing.cpp(57): warning C4244: аргумент: преобразование "const LONG" в "FLOAT", возможна потеря данных
c:\users\shan0x\source\repos\atomchecker\uidrawing.cpp(63): warning C4244: аргумент: преобразование "const LONG" в "FLOAT", возможна потеря данных
c:\users\shan0x\source\repos\atomchecker\uidrawing.cpp(72): warning C4244: аргумент: преобразование "const LONG" в "FLOAT", возможна потеря данных
c:\users\shan0x\source\repos\atomchecker\uidrawing.cpp(78): warning C4244: аргумент: преобразование "const LONG" в "FLOAT", возможна потеря данных
c:\users\shan0x\source\repos\atomchecker\uidrawing.cpp(87): warning C4244: аргумент: преобразование "const LONG" в "FLOAT", возможна потеря данных
  UiRenderer.cpp
  Создание кода...
LINK : warning LNK4075: не учитывается "/INCREMENTAL" из-за спецификации "/FORCE"
D2D1_Wrapper.obj : warning LNK4006: "public: __thiscall Shkolnik::net::AtomHTTP::AtomHTTP(class std::basic_string<wchar_t,struct std::char_traits<wchar_t>,class std::allocator<wchar_t> > const &,int const &)" (??0AtomHTTP@net@Shkolnik@@QAE@ABV?$basic_string@_WU?$char_traits@_W@std@@V?$allocator@_W@2@@std@@ABH@Z) уже определен в Application.obj; второе определение пропущено
D2D1_Wrapper.obj : warning LNK4006: "public: __thiscall Shkolnik::net::AtomHTTP::~AtomHTTP(void)" (??1AtomHTTP@net@Shkolnik@@QAE@XZ) уже определен в Application.obj; второе определение пропущено
D2D1_Wrapper.obj : warning LNK4006: "public: void __thiscall Shkolnik::net::AtomHTTP::AddHeader(class std::basic_string<wchar_t,struct std::char_traits<wchar_t>,class std::allocator<wchar_t> >)" (?AddHeader@AtomHTTP@net@Shkolnik@@QAEXV?$basic_string@_WU?$char_traits@_W@std@@V?$allocator@_W@2@@std@@@Z) уже определен в Application.obj; второе определение пропущено
D2D1_Wrapper.obj : warning LNK4006: "public: void __thiscall Shkolnik::net::AtomHTTP::AddRequestBody(class std::basic_string<wchar_t,struct std::char_traits<wchar_t>,class std::allocator<wchar_t> >)" (?AddRequestBody@AtomHTTP@net@Shkolnik@@QAEXV?$basic_string@_WU?$char_traits@_W@std@@V?$allocator@_W@2@@std@@@Z) уже определен в Application.obj; второе определение пропущено
D2D1_Wrapper.obj : warning LNK4006: "public: class std::basic_string<wchar_t,struct std::char_traits<wchar_t>,class std::allocator<wchar_t> > __thiscall Shkolnik::net::AtomHTTP::GetResponseBody(void)" (?GetResponseBody@AtomHTTP@net@Shkolnik@@QAE?AV?$basic_string@_WU?$char_traits@_W@std@@V?$allocator@_W@2@@std@@XZ) уже определен в Application.obj; второе определение пропущено
D2D1_Wrapper.obj : warning LNK4006: "public: class std::basic_string<wchar_t,struct std::char_traits<wchar_t>,class std::allocator<wchar_t> > __thiscall Shkolnik::net::AtomHTTP::GetServerIP(void)" (?GetServerIP@AtomHTTP@net@Shkolnik@@QAE?AV?$basic_string@_WU?$char_traits@_W@std@@V?$allocator@_W@2@@std@@XZ) уже определен в Application.obj; второе определение пропущено
D2D1_Wrapper.obj : warning LNK4006: "public: int __thiscall Shkolnik::net::AtomHTTP::GetServerPort(void)" (?GetServerPort@AtomHTTP@net@Shkolnik@@QAEHXZ) уже определен в Application.obj; второе определение пропущено
D2D1_Wrapper.obj : warning LNK4006: "public: class std::basic_string<wchar_t,struct std::char_traits<wchar_t>,class std::allocator<wchar_t> > __thiscall Shkolnik::net::AtomHTTP::SendRequest(void)" (?SendRequest@AtomHTTP@net@Shkolnik@@QAE?AV?$basic_string@_WU?$char_traits@_W@std@@V?$allocator@_W@2@@std@@XZ) уже определен в Application.obj; второе определение пропущено
D2D1_Wrapper.obj : warning LNK4006: "public: void __thiscall Shkolnik::net::AtomHTTP::SetupRequest(class std::basic_string<wchar_t,struct std::char_traits<wchar_t>,class std::allocator<wchar_t> >,enum Shkolnik::net::AtomHTTP::HTTP)" (?SetupRequest@AtomHTTP@net@Shkolnik@@QAEXV?$basic_string@_WU?$char_traits@_W@std@@V?$allocator@_W@2@@std@@W4HTTP@123@@Z) уже определен в Application.obj; второе определение пропущено
DwmMethods.obj : warning LNK4006: "public: __thiscall Shkolnik::net::AtomHTTP::AtomHTTP(class std::basic_string<wchar_t,struct std::char_traits<wchar_t>,class std::allocator<wchar_t> > const &,int const &)" (??0AtomHTTP@net@Shkolnik@@QAE@ABV?$basic_string@_WU?$char_traits@_W@std@@V?$allocator@_W@2@@std@@ABH@Z) уже определен в Application.obj; второе определение пропущено
DwmMethods.obj : warning LNK4006: "public: __thiscall Shkolnik::net::AtomHTTP::~AtomHTTP(void)" (??1AtomHTTP@net@Shkolnik@@QAE@XZ) уже определен в Application.obj; второе определение пропущено
DwmMethods.obj : warning LNK4006: "public: void __thiscall Shkolnik::net::AtomHTTP::AddHeader(class std::basic_string<wchar_t,struct std::char_traits<wchar_t>,class std::allocator<wchar_t> >)" (?AddHeader@AtomHTTP@net@Shkolnik@@QAEXV?$basic_string@_WU?$char_traits@_W@std@@V?$allocator@_W@2@@std@@@Z) уже определен в Application.obj; второе определение пропущено
DwmMethods.obj : warning LNK4006: "public: void __thiscall Shkolnik::net::AtomHTTP::AddRequestBody(class std::basic_string<wchar_t,struct std::char_traits<wchar_t>,class std::allocator<wchar_t> >)" (?AddRequestBody@AtomHTTP@net@Shkolnik@@QAEXV?$basic_string@_WU?$char_traits@_W@std@@V?$allocator@_W@2@@std@@@Z) уже определен в Application.obj; второе определение пропущено
DwmMethods.obj : warning LNK4006: "public: class std::basic_string<wchar_t,struct std::char_traits<wchar_t>,class std::allocator<wchar_t> > __thiscall Shkolnik::net::AtomHTTP::GetResponseBody(void)" (?GetResponseBody@AtomHTTP@net@Shkolnik@@QAE?AV?$basic_string@_WU?$char_traits@_W@std@@V?$allocator@_W@2@@std@@XZ) уже определен в Application.obj; второе определение пропущено
DwmMethods.obj : warning LNK4006: "public: class std::basic_string<wchar_t,struct std::char_traits<wchar_t>,class std::allocator<wchar_t> > __thiscall Shkolnik::net::AtomHTTP::GetServerIP(void)" (?GetServerIP@AtomHTTP@net@Shkolnik@@QAE?AV?$basic_string@_WU?$char_traits@_W@std@@V?$allocator@_W@2@@std@@XZ) уже определен в Application.obj; второе определение пропущено
DwmMethods.obj : warning LNK4006: "public: int __thiscall Shkolnik::net::AtomHTTP::GetServerPort(void)" (?GetServerPort@AtomHTTP@net@Shkolnik@@QAEHXZ) уже определен в Application.obj; второе определение пропущено
DwmMethods.obj : warning LNK4006: "public: class std::basic_string<wchar_t,struct std::char_traits<wchar_t>,class std::allocator<wchar_t> > __thiscall Shkolnik::net::AtomHTTP::SendRequest(void)" (?SendRequest@AtomHTTP@net@Shkolnik@@QAE?AV?$basic_string@_WU?$char_traits@_W@std@@V?$allocator@_W@2@@std@@XZ) уже определен в Application.obj; второе определение пропущено
DwmMethods.obj : warning LNK4006: "public: void __thiscall Shkolnik::net::AtomHTTP::SetupRequest(class std::basic_string<wchar_t,struct std::char_traits<wchar_t>,class std::allocator<wchar_t> >,enum Shkolnik::net::AtomHTTP::HTTP)" (?SetupRequest@AtomHTTP@net@Shkolnik@@QAEXV?$basic_string@_WU?$char_traits@_W@std@@V?$allocator@_W@2@@std@@W4HTTP@123@@Z) уже определен в Application.obj; второе определение пропущено
Entry.obj : warning LNK4006: "public: __thiscall Shkolnik::net::AtomHTTP::AtomHTTP(class std::basic_string<wchar_t,struct std::char_traits<wchar_t>,class std::allocator<wchar_t> > const &,int const &)" (??0AtomHTTP@net@Shkolnik@@QAE@ABV?$basic_string@_WU?$char_traits@_W@std@@V?$allocator@_W@2@@std@@ABH@Z) уже определен в Application.obj; второе определение пропущено
Entry.obj : warning LNK4006: "public: __thiscall Shkolnik::net::AtomHTTP::~AtomHTTP(void)" (??1AtomHTTP@net@Shkolnik@@QAE@XZ) уже определен в Application.obj; второе определение пропущено
Entry.obj : warning LNK4006: "public: void __thiscall Shkolnik::net::AtomHTTP::AddHeader(class std::basic_string<wchar_t,struct std::char_traits<wchar_t>,class std::allocator<wchar_t> >)" (?AddHeader@AtomHTTP@net@Shkolnik@@QAEXV?$basic_string@_WU?$char_traits@_W@std@@V?$allocator@_W@2@@std@@@Z) уже определен в Application.obj; второе определение пропущено
Entry.obj : warning LNK4006: "public: void __thiscall Shkolnik::net::AtomHTTP::AddRequestBody(class std::basic_string<wchar_t,struct std::char_traits<wchar_t>,class std::allocator<wchar_t> >)" (?AddRequestBody@AtomHTTP@net@Shkolnik@@QAEXV?$basic_string@_WU?$char_traits@_W@std@@V?$allocator@_W@2@@std@@@Z) уже определен в Application.obj; второе определение пропущено
Entry.obj : warning LNK4006: "public: class std::basic_string<wchar_t,struct std::char_traits<wchar_t>,class std::allocator<wchar_t> > __thiscall Shkolnik::net::AtomHTTP::GetResponseBody(void)" (?GetResponseBody@AtomHTTP@net@Shkolnik@@QAE?AV?$basic_string@_WU?$char_traits@_W@std@@V?$allocator@_W@2@@std@@XZ) уже определен в Application.obj; второе определение пропущено
Entry.obj : warning LNK4006: "public: class std::basic_string<wchar_t,struct std::char_traits<wchar_t>,class std::allocator<wchar_t> > __thiscall Shkolnik::net::AtomHTTP::GetServerIP(void)" (?GetServerIP@AtomHTTP@net@Shkolnik@@QAE?AV?$basic_string@_WU?$char_traits@_W@std@@V?$allocator@_W@2@@std@@XZ) уже определен в Application.obj; второе определение пропущено
Entry.obj : warning LNK4006: "public: int __thiscall Shkolnik::net::AtomHTTP::GetServerPort(void)" (?GetServerPort@AtomHTTP@net@Shkolnik@@QAEHXZ) уже определен в Application.obj; второе определение пропущено
Entry.obj : warning LNK4006: "public: class std::basic_string<wchar_t,struct std::char_traits<wchar_t>,class std::allocator<wchar_t> > __thiscall Shkolnik::net::AtomHTTP::SendRequest(void)" (?SendRequest@AtomHTTP@net@Shkolnik@@QAE?AV?$basic_string@_WU?$char_traits@_W@std@@V?$allocator@_W@2@@std@@XZ) уже определен в Application.obj; второе определение пропущено
Entry.obj : warning LNK4006: "public: void __thiscall Shkolnik::net::AtomHTTP::SetupRequest(class std::basic_string<wchar_t,struct std::char_traits<wchar_t>,class std::allocator<wchar_t> >,enum Shkolnik::net::AtomHTTP::HTTP)" (?SetupRequest@AtomHTTP@net@Shkolnik@@QAEXV?$basic_string@_WU?$char_traits@_W@std@@V?$allocator@_W@2@@std@@W4HTTP@123@@Z) уже определен в Application.obj; второе определение пропущено
Events.obj : warning LNK4006: "public: __thiscall Shkolnik::net::AtomHTTP::AtomHTTP(class std::basic_string<wchar_t,struct std::char_traits<wchar_t>,class std::allocator<wchar_t> > const &,int const &)" (??0AtomHTTP@net@Shkolnik@@QAE@ABV?$basic_string@_WU?$char_traits@_W@std@@V?$allocator@_W@2@@std@@ABH@Z) уже определен в Application.obj; второе определение пропущено
Events.obj : warning LNK4006: "public: __thiscall Shkolnik::net::AtomHTTP::~AtomHTTP(void)" (??1AtomHTTP@net@Shkolnik@@QAE@XZ) уже определен в Application.obj; второе определение пропущено
Events.obj : warning LNK4006: "public: void __thiscall Shkolnik::net::AtomHTTP::AddHeader(class std::basic_string<wchar_t,struct std::char_traits<wchar_t>,class std::allocator<wchar_t> >)" (?AddHeader@AtomHTTP@net@Shkolnik@@QAEXV?$basic_string@_WU?$char_traits@_W@std@@V?$allocator@_W@2@@std@@@Z) уже определен в Application.obj; второе определение пропущено
Events.obj : warning LNK4006: "public: void __thiscall Shkolnik::net::AtomHTTP::AddRequestBody(class std::basic_string<wchar_t,struct std::char_traits<wchar_t>,class std::allocator<wchar_t> >)" (?AddRequestBody@AtomHTTP@net@Shkolnik@@QAEXV?$basic_string@_WU?$char_traits@_W@std@@V?$allocator@_W@2@@std@@@Z) уже определен в Application.obj; второе определение пропущено
Events.obj : warning LNK4006: "public: class std::basic_string<wchar_t,struct std::char_traits<wchar_t>,class std::allocator<wchar_t> > __thiscall Shkolnik::net::AtomHTTP::GetResponseBody(void)" (?GetResponseBody@AtomHTTP@net@Shkolnik@@QAE?AV?$basic_string@_WU?$char_traits@_W@std@@V?$allocator@_W@2@@std@@XZ) уже определен в Application.obj; второе определение пропущено
Events.obj : warning LNK4006: "public: class std::basic_string<wchar_t,struct std::char_traits<wchar_t>,class std::allocator<wchar_t> > __thiscall Shkolnik::net::AtomHTTP::GetServerIP(void)" (?GetServerIP@AtomHTTP@net@Shkolnik@@QAE?AV?$basic_string@_WU?$char_traits@_W@std@@V?$allocator@_W@2@@std@@XZ) уже определен в Application.obj; второе определение пропущено
Events.obj : warning LNK4006: "public: int __thiscall Shkolnik::net::AtomHTTP::GetServerPort(void)" (?GetServerPort@AtomHTTP@net@Shkolnik@@QAEHXZ) уже определен в Application.obj; второе определение пропущено
Events.obj : warning LNK4006: "public: class std::basic_string<wchar_t,struct std::char_traits<wchar_t>,class std::allocator<wchar_t> > __thiscall Shkolnik::net::AtomHTTP::SendRequest(void)" (?SendRequest@AtomHTTP@net@Shkolnik@@QAE?AV?$basic_string@_WU?$char_traits@_W@std@@V?$allocator@_W@2@@std@@XZ) уже определен в Application.obj; второе определение пропущено
Events.obj : warning LNK4006: "public: void __thiscall Shkolnik::net::AtomHTTP::SetupRequest(class std::basic_string<wchar_t,struct std::char_traits<wchar_t>,class std::allocator<wchar_t> >,enum Shkolnik::net::AtomHTTP::HTTP)" (?SetupRequest@AtomHTTP@net@Shkolnik@@QAEXV?$basic_string@_WU?$char_traits@_W@std@@V?$allocator@_W@2@@std@@W4HTTP@123@@Z) уже определен в Application.obj; второе определение пропущено
UiDrawing.obj : warning LNK4006: "public: __thiscall Shkolnik::net::AtomHTTP::AtomHTTP(class std::basic_string<wchar_t,struct std::char_traits<wchar_t>,class std::allocator<wchar_t> > const &,int const &)" (??0AtomHTTP@net@Shkolnik@@QAE@ABV?$basic_string@_WU?$char_traits@_W@std@@V?$allocator@_W@2@@std@@ABH@Z) уже определен в Application.obj; второе определение пропущено
UiDrawing.obj : warning LNK4006: "public: __thiscall Shkolnik::net::AtomHTTP::~AtomHTTP(void)" (??1AtomHTTP@net@Shkolnik@@QAE@XZ) уже определен в Application.obj; второе определение пропущено
UiDrawing.obj : warning LNK4006: "public: void __thiscall Shkolnik::net::AtomHTTP::AddHeader(class std::basic_string<wchar_t,struct std::char_traits<wchar_t>,class std::allocator<wchar_t> >)" (?AddHeader@AtomHTTP@net@Shkolnik@@QAEXV?$basic_string@_WU?$char_traits@_W@std@@V?$allocator@_W@2@@std@@@Z) уже определен в Application.obj; второе определение пропущено
UiDrawing.obj : warning LNK4006: "public: void __thiscall Shkolnik::net::AtomHTTP::AddRequestBody(class std::basic_string<wchar_t,struct std::char_traits<wchar_t>,class std::allocator<wchar_t> >)" (?AddRequestBody@AtomHTTP@net@Shkolnik@@QAEXV?$basic_string@_WU?$char_traits@_W@std@@V?$allocator@_W@2@@std@@@Z) уже определен в Application.obj; второе определение пропущено
UiDrawing.obj : warning LNK4006: "public: class std::basic_string<wchar_t,struct std::char_traits<wchar_t>,class std::allocator<wchar_t> > __thiscall Shkolnik::net::AtomHTTP::GetResponseBody(void)" (?GetResponseBody@AtomHTTP@net@Shkolnik@@QAE?AV?$basic_string@_WU?$char_traits@_W@std@@V?$allocator@_W@2@@std@@XZ) уже определен в Application.obj; второе определение пропущено
UiDrawing.obj : warning LNK4006: "public: class std::basic_string<wchar_t,struct std::char_traits<wchar_t>,class std::allocator<wchar_t> > __thiscall Shkolnik::net::AtomHTTP::GetServerIP(void)" (?GetServerIP@AtomHTTP@net@Shkolnik@@QAE?AV?$basic_string@_WU?$char_traits@_W@std@@V?$allocator@_W@2@@std@@XZ) уже определен в Application.obj; второе определение пропущено
UiDrawing.obj : warning LNK4006: "public: int __thiscall Shkolnik::net::AtomHTTP::GetServerPort(void)" (?GetServerPort@AtomHTTP@net@Shkolnik@@QAEHXZ) уже определен в Application.obj; второе определение пропущено
UiDrawing.obj : warning LNK4006: "public: class std::basic_string<wchar_t,struct std::char_traits<wchar_t>,class std::allocator<wchar_t> > __thiscall Shkolnik::net::AtomHTTP::SendRequest(void)" (?SendRequest@AtomHTTP@net@Shkolnik@@QAE?AV?$basic_string@_WU?$char_traits@_W@std@@V?$allocator@_W@2@@std@@XZ) уже определен в Application.obj; второе определение пропущено
UiDrawing.obj : warning LNK4006: "public: void __thiscall Shkolnik::net::AtomHTTP::SetupRequest(class std::basic_string<wchar_t,struct std::char_traits<wchar_t>,class std::allocator<wchar_t> >,enum Shkolnik::net::AtomHTTP::HTTP)" (?SetupRequest@AtomHTTP@net@Shkolnik@@QAEXV?$basic_string@_WU?$char_traits@_W@std@@V?$allocator@_W@2@@std@@W4HTTP@123@@Z) уже определен в Application.obj; второе определение пропущено
UiRenderer.obj : warning LNK4006: "public: __thiscall Shkolnik::net::AtomHTTP::AtomHTTP(class std::basic_string<wchar_t,struct std::char_traits<wchar_t>,class std::allocator<wchar_t> > const &,int const &)" (??0AtomHTTP@net@Shkolnik@@QAE@ABV?$basic_string@_WU?$char_traits@_W@std@@V?$allocator@_W@2@@std@@ABH@Z) уже определен в Application.obj; второе определение пропущено
UiRenderer.obj : warning LNK4006: "public: __thiscall Shkolnik::net::AtomHTTP::~AtomHTTP(void)" (??1AtomHTTP@net@Shkolnik@@QAE@XZ) уже определен в Application.obj; второе определение пропущено
UiRenderer.obj : warning LNK4006: "public: void __thiscall Shkolnik::net::AtomHTTP::AddHeader(class std::basic_string<wchar_t,struct std::char_traits<wchar_t>,class std::allocator<wchar_t> >)" (?AddHeader@AtomHTTP@net@Shkolnik@@QAEXV?$basic_string@_WU?$char_traits@_W@std@@V?$allocator@_W@2@@std@@@Z) уже определен в Application.obj; второе определение пропущено
UiRenderer.obj : warning LNK4006: "public: void __thiscall Shkolnik::net::AtomHTTP::AddRequestBody(class std::basic_string<wchar_t,struct std::char_traits<wchar_t>,class std::allocator<wchar_t> >)" (?AddRequestBody@AtomHTTP@net@Shkolnik@@QAEXV?$basic_string@_WU?$char_traits@_W@std@@V?$allocator@_W@2@@std@@@Z) уже определен в Application.obj; второе определение пропущено
UiRenderer.obj : warning LNK4006: "public: class std::basic_string<wchar_t,struct std::char_traits<wchar_t>,class std::allocator<wchar_t> > __thiscall Shkolnik::net::AtomHTTP::GetResponseBody(void)" (?GetResponseBody@AtomHTTP@net@Shkolnik@@QAE?AV?$basic_string@_WU?$char_traits@_W@std@@V?$allocator@_W@2@@std@@XZ) уже определен в Application.obj; второе определение пропущено
UiRenderer.obj : warning LNK4006: "public: class std::basic_string<wchar_t,struct std::char_traits<wchar_t>,class std::allocator<wchar_t> > __thiscall Shkolnik::net::AtomHTTP::GetServerIP(void)" (?GetServerIP@AtomHTTP@net@Shkolnik@@QAE?AV?$basic_string@_WU?$char_traits@_W@std@@V?$allocator@_W@2@@std@@XZ) уже определен в Application.obj; второе определение пропущено
UiRenderer.obj : warning LNK4006: "public: int __thiscall Shkolnik::net::AtomHTTP::GetServerPort(void)" (?GetServerPort@AtomHTTP@net@Shkolnik@@QAEHXZ) уже определен в Application.obj; второе определение пропущено
UiRenderer.obj : warning LNK4006: "public: class std::basic_string<wchar_t,struct std::char_traits<wchar_t>,class std::allocator<wchar_t> > __thiscall Shkolnik::net::AtomHTTP::SendRequest(void)" (?SendRequest@AtomHTTP@net@Shkolnik@@QAE?AV?$basic_string@_WU?$char_traits@_W@std@@V?$allocator@_W@2@@std@@XZ) уже определен в Application.obj; второе определение пропущено
UiRenderer.obj : warning LNK4006: "public: void __thiscall Shkolnik::net::AtomHTTP::SetupRequest(class std::basic_string<wchar_t,struct std::char_traits<wchar_t>,class std::allocator<wchar_t> >,enum Shkolnik::net::AtomHTTP::HTTP)" (?SetupRequest@AtomHTTP@net@Shkolnik@@QAEXV?$basic_string@_WU?$char_traits@_W@std@@V?$allocator@_W@2@@std@@W4HTTP@123@@Z) уже определен в Application.obj; второе определение пропущено
C:\Users\Shan0x\source\repos\AtomChecker\Debug\AtomChecker.exe : warning LNK4088: образ создается из-за параметра /FORCE; образ нельзя запустить
  AtomChecker.vcxproj -> C:\Users\Shan0x\source\repos\AtomChecker\Debug\AtomChecker.exe
